Using pre-set license
Built from '2020.3/staging' branch; Version is '2020.3.30f1 (1fb1bf06830e) revision 2077119'; Using compiler version '192528614'; Build Type 'Release'
OS: 'Windows 10  (10.0.19043) 64bit Professional' Language: 'de' Physical Memory: 15591 MB
BatchMode: 1, IsHumanControllingUs: 0, StartBugReporterOnCrash: 0, Is64bit: 1, IsPro: 0

COMMAND LINE ARGUMENTS:
C:\Program Files\Unity\Hub\Editor\2020.3.30f1\Editor\Unity.exe
-adb2
-batchMode
-noUpm
-name
AssetImportWorker0
-projectPath
C:/Users/jlee/EEGVR
-logFile
Logs/AssetImportWorker0.log
-srvPort
50750
Successfully changed project path to: C:/Users/jlee/EEGVR
C:/Users/jlee/EEGVR
Using Asset Import Pipeline V2.
Refreshing native plugins compatible for Editor in 75.07 ms, found 2 plugins.
Preloading 0 native plugins for Editor in 0.00 ms.
Initialize engine version: 2020.3.30f1 (1fb1bf06830e)
[Subsystems] Discovering subsystems at path C:/Program Files/Unity/Hub/Editor/2020.3.30f1/Editor/Data/Resources/UnitySubsystems
[Subsystems] Discovering subsystems at path C:/Users/jlee/EEGVR/Assets
GfxDevice: creating device client; threaded=0
Direct3D:
    Version:  Direct3D 11.0 [level 11.1]
    Renderer: AMD Radeon(TM) Graphics (ID=0x1636)
    Vendor:   
    VRAM:     7795 MB
    Driver:   30.0.13040.9001
Initialize mono
Mono path[0] = 'C:/Program Files/Unity/Hub/Editor/2020.3.30f1/Editor/Data/Managed'
Mono path[1] = 'C:/Program Files/Unity/Hub/Editor/2020.3.30f1/Editor/Data/MonoBleedingEdge/lib/mono/unityjit'
Mono config path = 'C:/Program Files/Unity/Hub/Editor/2020.3.30f1/Editor/Data/MonoBleedingEdge/etc'
Using monoOptions --debugger-agent=transport=dt_socket,embedding=1,server=y,suspend=n,address=127.0.0.1:56572
Begin MonoManager ReloadAssembly
Registering precompiled unity dll's ...
Register platform support module: C:/Program Files/Unity/Hub/Editor/2020.3.30f1/Editor/Data/PlaybackEngines/WebGLSupport/UnityEditor.WebGL.Extensions.dll
Register platform support module: C:/Program Files/Unity/Hub/Editor/2020.3.30f1/Editor/Data/PlaybackEngines/WindowsStandaloneSupport/UnityEditor.WindowsStandalone.Extensions.dll
Registered in 0.067837 seconds.
Native extension for WindowsStandalone target not found
Native extension for WebGL target not found
Refreshing native plugins compatible for Editor in 48.62 ms, found 2 plugins.
Preloading 0 native plugins for Editor in 0.00 ms.
Mono: successfully reloaded assembly
- Completed reload, in  5.353 seconds
Domain Reload Profiling:
	ReloadAssembly (5354ms)
		BeginReloadAssembly (4238ms)
			ExecutionOrderSort (0ms)
			DisableScriptedObjects (0ms)
			BackupInstance (0ms)
			ReleaseScriptingObjects (0ms)
			CreateAndSetChildDomain (2ms)
		EndReloadAssembly (885ms)
			LoadAssemblies (4304ms)
			RebuildTransferFunctionScriptingTraits (0ms)
			SetupTypeCache (442ms)
			ReleaseScriptCaches (0ms)
			RebuildScriptCaches (36ms)
			SetupLoadedEditorAssemblies (204ms)
				LogAssemblyErrors (0ms)
				InitializePlatformSupportModulesInManaged (6ms)
				SetLoadedEditorAssemblies (0ms)
				RefreshPlugins (49ms)
				BeforeProcessingInitializeOnLoad (9ms)
				ProcessInitializeOnLoadAttributes (103ms)
				ProcessInitializeOnLoadMethodAttributes (36ms)
				AfterProcessingInitializeOnLoad (0ms)
				EditorAssembliesLoaded (0ms)
			ExecutionOrderSort2 (0ms)
			AwakeInstancesAfterBackupRestoration (0ms)
Platform modules already initialized, skipping
Registering precompiled user dll's ...
Registered in 0.650741 seconds.
Begin MonoManager ReloadAssembly
Native extension for WindowsStandalone target not found
Native extension for WebGL target not found
Refreshing native plugins compatible for Editor in 0.52 ms, found 2 plugins.
Preloading 0 native plugins for Editor in 0.00 ms.
Mono: successfully reloaded assembly
- Completed reload, in  6.342 seconds
Domain Reload Profiling:
	ReloadAssembly (6344ms)
		BeginReloadAssembly (2947ms)
			ExecutionOrderSort (0ms)
			DisableScriptedObjects (6ms)
			BackupInstance (0ms)
			ReleaseScriptingObjects (0ms)
			CreateAndSetChildDomain (24ms)
		EndReloadAssembly (3269ms)
			LoadAssemblies (3609ms)
			RebuildTransferFunctionScriptingTraits (0ms)
			SetupTypeCache (865ms)
			ReleaseScriptCaches (1ms)
			RebuildScriptCaches (51ms)
			SetupLoadedEditorAssemblies (1404ms)
				LogAssemblyErrors (0ms)
				InitializePlatformSupportModulesInManaged (7ms)
				SetLoadedEditorAssemblies (1ms)
				RefreshPlugins (1ms)
				BeforeProcessingInitializeOnLoad (82ms)
				ProcessInitializeOnLoadAttributes (371ms)
				ProcessInitializeOnLoadMethodAttributes (932ms)
				AfterProcessingInitializeOnLoad (10ms)
				EditorAssembliesLoaded (0ms)
			ExecutionOrderSort2 (0ms)
			AwakeInstancesAfterBackupRestoration (9ms)
Platform modules already initialized, skipping
========================================================================
Worker process is ready to serve import requests
Launched and connected shader compiler UnityShaderCompiler.exe after 0.22 seconds
Refreshing native plugins compatible for Editor in 0.87 ms, found 2 plugins.
Preloading 0 native plugins for Editor in 0.00 ms.
Unloading 1521 Unused Serialized files (Serialized files now loaded: 0)
System memory in use before: 73.0 MB.
System memory in use after: 73.1 MB.

Unloading 16 unused Assets to reduce memory usage. Loaded Objects now: 1964.
Total: 4.362100 ms (FindLiveObjects: 0.182900 ms CreateObjectMapping: 0.050200 ms MarkObjects: 4.013600 ms  DeleteObjects: 0.114000 ms)

AssetImportParameters requested are different than current active one (requested -> active):
  custom:framework-win-MediaFoundation: 216162199b28c13a410421893ffa2e32 -> 
  custom:video-decoder-ogg-theora: a1e56fd34408186e4bbccfd4996cb3dc -> 
  custom:container-muxer-webm: aa71ff27fc2769a1b78a27578f13a17b -> 
  custom:container-demuxer-webm: 4f35f7cbe854078d1ac9338744f61a02 -> 
  custom:container-demuxer-ogg: 62fdf1f143b41e24485cea50d1cbac27 -> 
  custom:video-encoder-webm-vp8: eb34c28f22e8b96e1ab97ce403110664 -> 
  custom:video-decoder-webm-vp8: 9c59270c3fd7afecdb556c50c9e8de78 -> 
  custom:audio-decoder-ogg-vorbis: bf7c407c2cedff20999df2af8eb42d56 -> 
  custom:audio-encoder-webm-vorbis: bf7c407c2cedff20999df2af8eb42d56 -> 
========================================================================
Received Import Request.
  path: Assets/Scripts/Selecting_Room.cs
  artifactKey: Guid(110ebebbc7e9cfc44b23af551d1e514d) Importer(815301076,1909f56bfc062723c751e8b465ee728b)
Start importing Assets/Scripts/Selecting_Room.cs using Guid(110ebebbc7e9cfc44b23af551d1e514d) Importer(815301076,1909f56bfc062723c751e8b465ee728b)  -> (artifact id: 'a680be4ec3090e32d16b2678d546056c') in 0.051772 seconds 
========================================================================
Received Import Request.
  Time since last request: 134.105659 seconds.
  path: Assets/Scripts/TaskManager.cs
  artifactKey: Guid(4819f3cd457037a42ba3c7037e12f305) Importer(815301076,1909f56bfc062723c751e8b465ee728b)
Start importing Assets/Scripts/TaskManager.cs using Guid(4819f3cd457037a42ba3c7037e12f305) Importer(815301076,1909f56bfc062723c751e8b465ee728b)  -> (artifact id: 'e22a7d8b2fb9d6740433cc8ad1125c60') in 0.007695 seconds 
========================================================================
Received Prepare
Registering precompiled user dll's ...
Registered in 0.501881 seconds.
Begin MonoManager ReloadAssembly
Native extension for WindowsStandalone target not found
Native extension for WebGL target not found
Refreshing native plugins compatible for Editor in 0.43 ms, found 2 plugins.
Preloading 0 native plugins for Editor in 0.00 ms.
Mono: successfully reloaded assembly
- Completed reload, in  4.813 seconds
Domain Reload Profiling:
	ReloadAssembly (4814ms)
		BeginReloadAssembly (2453ms)
			ExecutionOrderSort (0ms)
			DisableScriptedObjects (4ms)
			BackupInstance (0ms)
			ReleaseScriptingObjects (0ms)
			CreateAndSetChildDomain (35ms)
		EndReloadAssembly (2302ms)
			LoadAssemblies (3091ms)
			RebuildTransferFunctionScriptingTraits (0ms)
			SetupTypeCache (614ms)
			ReleaseScriptCaches (1ms)
			RebuildScriptCaches (36ms)
			SetupLoadedEditorAssemblies (816ms)
				LogAssemblyErrors (0ms)
				InitializePlatformSupportModulesInManaged (6ms)
				SetLoadedEditorAssemblies (1ms)
				RefreshPlugins (1ms)
				BeforeProcessingInitializeOnLoad (48ms)
				ProcessInitializeOnLoadAttributes (227ms)
				ProcessInitializeOnLoadMethodAttributes (527ms)
				AfterProcessingInitializeOnLoad (8ms)
				EditorAssembliesLoaded (0ms)
			ExecutionOrderSort2 (0ms)
			AwakeInstancesAfterBackupRestoration (7ms)
Platform modules already initialized, skipping
Refreshing native plugins compatible for Editor in 0.43 ms, found 2 plugins.
Preloading 0 native plugins for Editor in 0.00 ms.
Unloading 1503 Unused Serialized files (Serialized files now loaded: 0)
System memory in use before: 71.6 MB.
System memory in use after: 71.7 MB.

Unloading 11 unused Assets to reduce memory usage. Loaded Objects now: 1967.
Total: 4.037900 ms (FindLiveObjects: 0.232400 ms CreateObjectMapping: 0.080200 ms MarkObjects: 3.661700 ms  DeleteObjects: 0.061300 ms)

AssetImportParameters requested are different than current active one (requested -> active):
  custom:framework-win-MediaFoundation: 216162199b28c13a410421893ffa2e32 -> 
  custom:video-decoder-ogg-theora: a1e56fd34408186e4bbccfd4996cb3dc -> 
  custom:container-muxer-webm: aa71ff27fc2769a1b78a27578f13a17b -> 
  custom:container-demuxer-webm: 4f35f7cbe854078d1ac9338744f61a02 -> 
  custom:container-demuxer-ogg: 62fdf1f143b41e24485cea50d1cbac27 -> 
  custom:video-encoder-webm-vp8: eb34c28f22e8b96e1ab97ce403110664 -> 
  custom:video-decoder-webm-vp8: 9c59270c3fd7afecdb556c50c9e8de78 -> 
  custom:audio-decoder-ogg-vorbis: bf7c407c2cedff20999df2af8eb42d56 -> 
  custom:audio-encoder-webm-vorbis: bf7c407c2cedff20999df2af8eb42d56 -> 
========================================================================
Received Prepare
Registering precompiled user dll's ...
Registered in 0.467586 seconds.
Begin MonoManager ReloadAssembly
Native extension for WindowsStandalone target not found
Native extension for WebGL target not found
Refreshing native plugins compatible for Editor in 0.40 ms, found 2 plugins.
Preloading 0 native plugins for Editor in 0.00 ms.
Mono: successfully reloaded assembly
- Completed reload, in  4.660 seconds
Domain Reload Profiling:
	ReloadAssembly (4660ms)
		BeginReloadAssembly (2431ms)
			ExecutionOrderSort (0ms)
			DisableScriptedObjects (4ms)
			BackupInstance (0ms)
			ReleaseScriptingObjects (0ms)
			CreateAndSetChildDomain (30ms)
		EndReloadAssembly (2173ms)
			LoadAssemblies (3041ms)
			RebuildTransferFunctionScriptingTraits (0ms)
			SetupTypeCache (585ms)
			ReleaseScriptCaches (1ms)
			RebuildScriptCaches (33ms)
			SetupLoadedEditorAssemblies (769ms)
				LogAssemblyErrors (0ms)
				InitializePlatformSupportModulesInManaged (6ms)
				SetLoadedEditorAssemblies (0ms)
				RefreshPlugins (1ms)
				BeforeProcessingInitializeOnLoad (45ms)
				ProcessInitializeOnLoadAttributes (205ms)
				ProcessInitializeOnLoadMethodAttributes (505ms)
				AfterProcessingInitializeOnLoad (7ms)
				EditorAssembliesLoaded (0ms)
			ExecutionOrderSort2 (0ms)
			AwakeInstancesAfterBackupRestoration (6ms)
Platform modules already initialized, skipping
Refreshing native plugins compatible for Editor in 0.41 ms, found 2 plugins.
Preloading 0 native plugins for Editor in 0.00 ms.
Unloading 1503 Unused Serialized files (Serialized files now loaded: 0)
System memory in use before: 71.6 MB.
System memory in use after: 71.7 MB.

Unloading 11 unused Assets to reduce memory usage. Loaded Objects now: 1969.
Total: 3.266300 ms (FindLiveObjects: 0.227200 ms CreateObjectMapping: 0.109700 ms MarkObjects: 2.902800 ms  DeleteObjects: 0.025000 ms)

AssetImportParameters requested are different than current active one (requested -> active):
  custom:framework-win-MediaFoundation: 216162199b28c13a410421893ffa2e32 -> 
  custom:video-decoder-ogg-theora: a1e56fd34408186e4bbccfd4996cb3dc -> 
  custom:container-muxer-webm: aa71ff27fc2769a1b78a27578f13a17b -> 
  custom:container-demuxer-webm: 4f35f7cbe854078d1ac9338744f61a02 -> 
  custom:container-demuxer-ogg: 62fdf1f143b41e24485cea50d1cbac27 -> 
  custom:video-encoder-webm-vp8: eb34c28f22e8b96e1ab97ce403110664 -> 
  custom:video-decoder-webm-vp8: 9c59270c3fd7afecdb556c50c9e8de78 -> 
  custom:audio-decoder-ogg-vorbis: bf7c407c2cedff20999df2af8eb42d56 -> 
  custom:audio-encoder-webm-vorbis: bf7c407c2cedff20999df2af8eb42d56 -> 
========================================================================
Received Import Request.
  Time since last request: 890.863377 seconds.
  path: Assets/Scenes/eeg/Blue_R.unity
  artifactKey: Guid(e6e10ed9245fc6348b165eff1ba7fe34) Importer(815301076,1909f56bfc062723c751e8b465ee728b)
Start importing Assets/Scenes/eeg/Blue_R.unity using Guid(e6e10ed9245fc6348b165eff1ba7fe34) Importer(815301076,1909f56bfc062723c751e8b465ee728b)  -> (artifact id: '95da266bb7299a526adca04a6872a0b5') in 0.020672 seconds 
========================================================================
Received Import Request.
  Time since last request: 10.175293 seconds.
  path: Assets/Scenes/eeg/Pink_R.unity
  artifactKey: Guid(de28ed34c9307e349a8af98745cc9b21) Importer(815301076,1909f56bfc062723c751e8b465ee728b)
Start importing Assets/Scenes/eeg/Pink_R.unity using Guid(de28ed34c9307e349a8af98745cc9b21) Importer(815301076,1909f56bfc062723c751e8b465ee728b)  -> (artifact id: '82bb066c601371c8a03a794b3944e37c') in 0.014282 seconds 
========================================================================
Received Import Request.
  Time since last request: 0.342471 seconds.
  path: Assets/Scenes/eeg/Neutral_R.unity
  artifactKey: Guid(2a89a77bf25432844896b9b26d959bce) Importer(815301076,1909f56bfc062723c751e8b465ee728b)
Start importing Assets/Scenes/eeg/Neutral_R.unity using Guid(2a89a77bf25432844896b9b26d959bce) Importer(815301076,1909f56bfc062723c751e8b465ee728b)  -> (artifact id: 'c069dba2e28eaf5fc553f2fab3b8f917') in 0.006893 seconds 
========================================================================
Received Import Request.
  Time since last request: 0.361689 seconds.
  path: Assets/Scenes/eeg/Complete.unity
  artifactKey: Guid(a737620dcf3a88141a3b7f8d1a1525c4) Importer(815301076,1909f56bfc062723c751e8b465ee728b)
Start importing Assets/Scenes/eeg/Complete.unity using Guid(a737620dcf3a88141a3b7f8d1a1525c4) Importer(815301076,1909f56bfc062723c751e8b465ee728b)  -> (artifact id: '038acfb35563116904ad2dbfecc21be7') in 0.007964 seconds 
========================================================================
Received Import Request.
  Time since last request: 84.497615 seconds.
  path: Assets/Scenes/eeg/Pink_R.unity
  artifactKey: Guid(de28ed34c9307e349a8af98745cc9b21) Importer(815301076,1909f56bfc062723c751e8b465ee728b)
Start importing Assets/Scenes/eeg/Pink_R.unity using Guid(de28ed34c9307e349a8af98745cc9b21) Importer(815301076,1909f56bfc062723c751e8b465ee728b)  -> (artifact id: 'bfee8025b2d55ae15097123b4e89222a') in 0.006955 seconds 
========================================================================
Received Import Request.
  Time since last request: 16.864957 seconds.
  path: Assets/Scenes/eeg/Neutral_R.unity
  artifactKey: Guid(2a89a77bf25432844896b9b26d959bce) Importer(815301076,1909f56bfc062723c751e8b465ee728b)
Start importing Assets/Scenes/eeg/Neutral_R.unity using Guid(2a89a77bf25432844896b9b26d959bce) Importer(815301076,1909f56bfc062723c751e8b465ee728b)  -> (artifact id: '5e7e5a485b195d18ba7330ce507ff8b2') in 0.006432 seconds 
========================================================================
Received Import Request.
  Time since last request: 11.754982 seconds.
  path: Assets/Scenes/eeg/Blue_R.unity
  artifactKey: Guid(e6e10ed9245fc6348b165eff1ba7fe34) Importer(815301076,1909f56bfc062723c751e8b465ee728b)
Start importing Assets/Scenes/eeg/Blue_R.unity using Guid(e6e10ed9245fc6348b165eff1ba7fe34) Importer(815301076,1909f56bfc062723c751e8b465ee728b)  -> (artifact id: '3496459e82d9916165b12305d6beeed2') in 0.009014 seconds 
========================================================================
Received Import Request.
  Time since last request: 13.253528 seconds.
  path: Assets/Scenes/eeg/Beginning.unity
  artifactKey: Guid(996b7c22c9caa91499d7825de7daae28) Importer(815301076,1909f56bfc062723c751e8b465ee728b)
Start importing Assets/Scenes/eeg/Beginning.unity using Guid(996b7c22c9caa91499d7825de7daae28) Importer(815301076,1909f56bfc062723c751e8b465ee728b)  -> (artifact id: 'ef68af13011231cdb382ec530ef71bd5') in 0.007192 seconds 
========================================================================
Received Prepare
Registering precompiled user dll's ...
Registered in 0.467639 seconds.
Begin MonoManager ReloadAssembly
Native extension for WindowsStandalone target not found
Native extension for WebGL target not found
Refreshing native plugins compatible for Editor in 0.40 ms, found 2 plugins.
Preloading 0 native plugins for Editor in 0.00 ms.
Mono: successfully reloaded assembly
- Completed reload, in  4.636 seconds
Domain Reload Profiling:
	ReloadAssembly (4637ms)
		BeginReloadAssembly (2403ms)
			ExecutionOrderSort (0ms)
			DisableScriptedObjects (4ms)
			BackupInstance (0ms)
			ReleaseScriptingObjects (0ms)
			CreateAndSetChildDomain (32ms)
		EndReloadAssembly (2179ms)
			LoadAssemblies (3020ms)
			RebuildTransferFunctionScriptingTraits (0ms)
			SetupTypeCache (581ms)
			ReleaseScriptCaches (1ms)
			RebuildScriptCaches (37ms)
			SetupLoadedEditorAssemblies (765ms)
				LogAssemblyErrors (0ms)
				InitializePlatformSupportModulesInManaged (5ms)
				SetLoadedEditorAssemblies (0ms)
				RefreshPlugins (1ms)
				BeforeProcessingInitializeOnLoad (43ms)
				ProcessInitializeOnLoadAttributes (200ms)
				ProcessInitializeOnLoadMethodAttributes (508ms)
				AfterProcessingInitializeOnLoad (8ms)
				EditorAssembliesLoaded (0ms)
			ExecutionOrderSort2 (0ms)
			AwakeInstancesAfterBackupRestoration (6ms)
Platform modules already initialized, skipping
Refreshing native plugins compatible for Editor in 0.39 ms, found 2 plugins.
Preloading 0 native plugins for Editor in 0.00 ms.
Unloading 1503 Unused Serialized files (Serialized files now loaded: 0)
System memory in use before: 71.7 MB.
System memory in use after: 71.8 MB.

Unloading 11 unused Assets to reduce memory usage. Loaded Objects now: 1971.
Total: 3.358200 ms (FindLiveObjects: 0.205100 ms CreateObjectMapping: 0.077200 ms MarkObjects: 3.048500 ms  DeleteObjects: 0.025900 ms)

AssetImportParameters requested are different than current active one (requested -> active):
  custom:framework-win-MediaFoundation: 216162199b28c13a410421893ffa2e32 -> 
  custom:video-decoder-ogg-theora: a1e56fd34408186e4bbccfd4996cb3dc -> 
  custom:container-muxer-webm: aa71ff27fc2769a1b78a27578f13a17b -> 
  custom:container-demuxer-webm: 4f35f7cbe854078d1ac9338744f61a02 -> 
  custom:container-demuxer-ogg: 62fdf1f143b41e24485cea50d1cbac27 -> 
  custom:video-encoder-webm-vp8: eb34c28f22e8b96e1ab97ce403110664 -> 
  custom:video-decoder-webm-vp8: 9c59270c3fd7afecdb556c50c9e8de78 -> 
  custom:audio-decoder-ogg-vorbis: bf7c407c2cedff20999df2af8eb42d56 -> 
  custom:audio-encoder-webm-vorbis: bf7c407c2cedff20999df2af8eb42d56 -> 
========================================================================
Received Prepare
Registering precompiled user dll's ...
Registered in 0.474437 seconds.
Begin MonoManager ReloadAssembly
Native extension for WindowsStandalone target not found
Native extension for WebGL target not found
Refreshing native plugins compatible for Editor in 0.39 ms, found 2 plugins.
Preloading 0 native plugins for Editor in 0.00 ms.
Mono: successfully reloaded assembly
- Completed reload, in  4.695 seconds
Domain Reload Profiling:
	ReloadAssembly (4696ms)
		BeginReloadAssembly (2421ms)
			ExecutionOrderSort (0ms)
			DisableScriptedObjects (4ms)
			BackupInstance (0ms)
			ReleaseScriptingObjects (0ms)
			CreateAndSetChildDomain (30ms)
		EndReloadAssembly (2210ms)
			LoadAssemblies (3023ms)
			RebuildTransferFunctionScriptingTraits (0ms)
			SetupTypeCache (612ms)
			ReleaseScriptCaches (1ms)
			RebuildScriptCaches (37ms)
			SetupLoadedEditorAssemblies (774ms)
				LogAssemblyErrors (0ms)
				InitializePlatformSupportModulesInManaged (6ms)
				SetLoadedEditorAssemblies (0ms)
				RefreshPlugins (1ms)
				BeforeProcessingInitializeOnLoad (47ms)
				ProcessInitializeOnLoadAttributes (211ms)
				ProcessInitializeOnLoadMethodAttributes (503ms)
				AfterProcessingInitializeOnLoad (7ms)
				EditorAssembliesLoaded (0ms)
			ExecutionOrderSort2 (0ms)
			AwakeInstancesAfterBackupRestoration (6ms)
Platform modules already initialized, skipping
Refreshing native plugins compatible for Editor in 0.41 ms, found 2 plugins.
Preloading 0 native plugins for Editor in 0.00 ms.
Unloading 1503 Unused Serialized files (Serialized files now loaded: 0)
System memory in use before: 71.7 MB.
System memory in use after: 71.8 MB.

Unloading 11 unused Assets to reduce memory usage. Loaded Objects now: 1973.
Total: 3.590400 ms (FindLiveObjects: 0.208500 ms CreateObjectMapping: 0.075400 ms MarkObjects: 3.280600 ms  DeleteObjects: 0.024100 ms)

AssetImportParameters requested are different than current active one (requested -> active):
  custom:framework-win-MediaFoundation: 216162199b28c13a410421893ffa2e32 -> 
  custom:video-decoder-ogg-theora: a1e56fd34408186e4bbccfd4996cb3dc -> 
  custom:container-muxer-webm: aa71ff27fc2769a1b78a27578f13a17b -> 
  custom:container-demuxer-webm: 4f35f7cbe854078d1ac9338744f61a02 -> 
  custom:container-demuxer-ogg: 62fdf1f143b41e24485cea50d1cbac27 -> 
  custom:video-encoder-webm-vp8: eb34c28f22e8b96e1ab97ce403110664 -> 
  custom:video-decoder-webm-vp8: 9c59270c3fd7afecdb556c50c9e8de78 -> 
  custom:audio-decoder-ogg-vorbis: bf7c407c2cedff20999df2af8eb42d56 -> 
  custom:audio-encoder-webm-vorbis: bf7c407c2cedff20999df2af8eb42d56 -> 
========================================================================
Received Import Request.
  Time since last request: 337.149867 seconds.
  path: Assets/Scenes/eeg/Beginning.unity
  artifactKey: Guid(996b7c22c9caa91499d7825de7daae28) Importer(815301076,1909f56bfc062723c751e8b465ee728b)
Start importing Assets/Scenes/eeg/Beginning.unity using Guid(996b7c22c9caa91499d7825de7daae28) Importer(815301076,1909f56bfc062723c751e8b465ee728b)  -> (artifact id: 'b8c1b488ab256fe7c0d72d1dcafa6227') in 0.016967 seconds 
========================================================================
Received Prepare
Registering precompiled user dll's ...
Registered in 0.500994 seconds.
Begin MonoManager ReloadAssembly
Native extension for WindowsStandalone target not found
Native extension for WebGL target not found
Refreshing native plugins compatible for Editor in 0.39 ms, found 2 plugins.
Preloading 0 native plugins for Editor in 0.00 ms.
Mono: successfully reloaded assembly
- Completed reload, in  4.665 seconds
Domain Reload Profiling:
	ReloadAssembly (4666ms)
		BeginReloadAssembly (2405ms)
			ExecutionOrderSort (0ms)
			DisableScriptedObjects (4ms)
			BackupInstance (0ms)
			ReleaseScriptingObjects (0ms)
			CreateAndSetChildDomain (33ms)
		EndReloadAssembly (2204ms)
			LoadAssemblies (3016ms)
			RebuildTransferFunctionScriptingTraits (0ms)
			SetupTypeCache (596ms)
			ReleaseScriptCaches (1ms)
			RebuildScriptCaches (33ms)
			SetupLoadedEditorAssemblies (777ms)
				LogAssemblyErrors (0ms)
				InitializePlatformSupportModulesInManaged (5ms)
				SetLoadedEditorAssemblies (0ms)
				RefreshPlugins (1ms)
				BeforeProcessingInitializeOnLoad (45ms)
				ProcessInitializeOnLoadAttributes (209ms)
				ProcessInitializeOnLoadMethodAttributes (509ms)
				AfterProcessingInitializeOnLoad (6ms)
				EditorAssembliesLoaded (0ms)
			ExecutionOrderSort2 (0ms)
			AwakeInstancesAfterBackupRestoration (6ms)
Platform modules already initialized, skipping
Refreshing native plugins compatible for Editor in 0.42 ms, found 2 plugins.
Preloading 0 native plugins for Editor in 0.00 ms.
Unloading 1503 Unused Serialized files (Serialized files now loaded: 0)
System memory in use before: 71.7 MB.
System memory in use after: 71.8 MB.

Unloading 11 unused Assets to reduce memory usage. Loaded Objects now: 1975.
Total: 3.264900 ms (FindLiveObjects: 0.254900 ms CreateObjectMapping: 0.102200 ms MarkObjects: 2.880200 ms  DeleteObjects: 0.025800 ms)

AssetImportParameters requested are different than current active one (requested -> active):
  custom:framework-win-MediaFoundation: 216162199b28c13a410421893ffa2e32 -> 
  custom:video-decoder-ogg-theora: a1e56fd34408186e4bbccfd4996cb3dc -> 
  custom:container-muxer-webm: aa71ff27fc2769a1b78a27578f13a17b -> 
  custom:container-demuxer-webm: 4f35f7cbe854078d1ac9338744f61a02 -> 
  custom:container-demuxer-ogg: 62fdf1f143b41e24485cea50d1cbac27 -> 
  custom:video-encoder-webm-vp8: eb34c28f22e8b96e1ab97ce403110664 -> 
  custom:video-decoder-webm-vp8: 9c59270c3fd7afecdb556c50c9e8de78 -> 
  custom:audio-decoder-ogg-vorbis: bf7c407c2cedff20999df2af8eb42d56 -> 
  custom:audio-encoder-webm-vorbis: bf7c407c2cedff20999df2af8eb42d56 -> 
========================================================================
Received Import Request.
  Time since last request: 321.050319 seconds.
  path: Assets/Scenes/eeg/Complete.unity
  artifactKey: Guid(a737620dcf3a88141a3b7f8d1a1525c4) Importer(815301076,1909f56bfc062723c751e8b465ee728b)
Start importing Assets/Scenes/eeg/Complete.unity using Guid(a737620dcf3a88141a3b7f8d1a1525c4) Importer(815301076,1909f56bfc062723c751e8b465ee728b)  -> (artifact id: 'be4aff989ae5d44a4bbb4acb90a23ae9') in 0.016200 seconds 
========================================================================
Received Prepare
Registering precompiled user dll's ...
Registered in 0.449784 seconds.
Begin MonoManager ReloadAssembly
Native extension for WindowsStandalone target not found
Native extension for WebGL target not found
Refreshing native plugins compatible for Editor in 0.40 ms, found 2 plugins.
Preloading 0 native plugins for Editor in 0.00 ms.
Mono: successfully reloaded assembly
- Completed reload, in  4.600 seconds
Domain Reload Profiling:
	ReloadAssembly (4601ms)
		BeginReloadAssembly (2392ms)
			ExecutionOrderSort (0ms)
			DisableScriptedObjects (4ms)
			BackupInstance (0ms)
			ReleaseScriptingObjects (0ms)
			CreateAndSetChildDomain (29ms)
		EndReloadAssembly (2153ms)
			LoadAssemblies (2993ms)
			RebuildTransferFunctionScriptingTraits (0ms)
			SetupTypeCache (584ms)
			ReleaseScriptCaches (1ms)
			RebuildScriptCaches (32ms)
			SetupLoadedEditorAssemblies (759ms)
				LogAssemblyErrors (0ms)
				InitializePlatformSupportModulesInManaged (5ms)
				SetLoadedEditorAssemblies (0ms)
				RefreshPlugins (1ms)
				BeforeProcessingInitializeOnLoad (44ms)
				ProcessInitializeOnLoadAttributes (201ms)
				ProcessInitializeOnLoadMethodAttributes (501ms)
				AfterProcessingInitializeOnLoad (6ms)
				EditorAssembliesLoaded (0ms)
			ExecutionOrderSort2 (0ms)
			AwakeInstancesAfterBackupRestoration (6ms)
Platform modules already initialized, skipping
Refreshing native plugins compatible for Editor in 0.39 ms, found 2 plugins.
Preloading 0 native plugins for Editor in 0.00 ms.
Unloading 1503 Unused Serialized files (Serialized files now loaded: 0)
System memory in use before: 71.7 MB.
System memory in use after: 71.8 MB.

Unloading 11 unused Assets to reduce memory usage. Loaded Objects now: 1977.
Total: 2.784200 ms (FindLiveObjects: 0.169500 ms CreateObjectMapping: 0.040900 ms MarkObjects: 2.549000 ms  DeleteObjects: 0.023700 ms)

AssetImportParameters requested are different than current active one (requested -> active):
  custom:framework-win-MediaFoundation: 216162199b28c13a410421893ffa2e32 -> 
  custom:video-decoder-ogg-theora: a1e56fd34408186e4bbccfd4996cb3dc -> 
  custom:container-muxer-webm: aa71ff27fc2769a1b78a27578f13a17b -> 
  custom:container-demuxer-webm: 4f35f7cbe854078d1ac9338744f61a02 -> 
  custom:container-demuxer-ogg: 62fdf1f143b41e24485cea50d1cbac27 -> 
  custom:video-encoder-webm-vp8: eb34c28f22e8b96e1ab97ce403110664 -> 
  custom:video-decoder-webm-vp8: 9c59270c3fd7afecdb556c50c9e8de78 -> 
  custom:audio-decoder-ogg-vorbis: bf7c407c2cedff20999df2af8eb42d56 -> 
  custom:audio-encoder-webm-vorbis: bf7c407c2cedff20999df2af8eb42d56 -> 
========================================================================
Received Prepare
Registering precompiled user dll's ...
Registered in 0.469760 seconds.
Begin MonoManager ReloadAssembly
Native extension for WindowsStandalone target not found
Native extension for WebGL target not found
Refreshing native plugins compatible for Editor in 0.42 ms, found 2 plugins.
Preloading 0 native plugins for Editor in 0.00 ms.
Mono: successfully reloaded assembly
- Completed reload, in  4.632 seconds
Domain Reload Profiling:
	ReloadAssembly (4633ms)
		BeginReloadAssembly (2407ms)
			ExecutionOrderSort (0ms)
			DisableScriptedObjects (4ms)
			BackupInstance (0ms)
			ReleaseScriptingObjects (0ms)
			CreateAndSetChildDomain (30ms)
		EndReloadAssembly (2167ms)
			LoadAssemblies (3008ms)
			RebuildTransferFunctionScriptingTraits (0ms)
			SetupTypeCache (594ms)
			ReleaseScriptCaches (1ms)
			RebuildScriptCaches (36ms)
			SetupLoadedEditorAssemblies (758ms)
				LogAssemblyErrors (0ms)
				InitializePlatformSupportModulesInManaged (5ms)
				SetLoadedEditorAssemblies (0ms)
				RefreshPlugins (1ms)
				BeforeProcessingInitializeOnLoad (45ms)
				ProcessInitializeOnLoadAttributes (207ms)
				ProcessInitializeOnLoadMethodAttributes (494ms)
				AfterProcessingInitializeOnLoad (6ms)
				EditorAssembliesLoaded (0ms)
			ExecutionOrderSort2 (0ms)
			AwakeInstancesAfterBackupRestoration (6ms)
Platform modules already initialized, skipping
Refreshing native plugins compatible for Editor in 0.47 ms, found 2 plugins.
Preloading 0 native plugins for Editor in 0.00 ms.
Unloading 1503 Unused Serialized files (Serialized files now loaded: 0)
System memory in use before: 71.7 MB.
System memory in use after: 71.8 MB.

Unloading 11 unused Assets to reduce memory usage. Loaded Objects now: 1979.
Total: 2.831600 ms (FindLiveObjects: 0.175600 ms CreateObjectMapping: 0.047800 ms MarkObjects: 2.583400 ms  DeleteObjects: 0.023400 ms)

AssetImportParameters requested are different than current active one (requested -> active):
  custom:framework-win-MediaFoundation: 216162199b28c13a410421893ffa2e32 -> 
  custom:video-decoder-ogg-theora: a1e56fd34408186e4bbccfd4996cb3dc -> 
  custom:container-muxer-webm: aa71ff27fc2769a1b78a27578f13a17b -> 
  custom:container-demuxer-webm: 4f35f7cbe854078d1ac9338744f61a02 -> 
  custom:container-demuxer-ogg: 62fdf1f143b41e24485cea50d1cbac27 -> 
  custom:video-encoder-webm-vp8: eb34c28f22e8b96e1ab97ce403110664 -> 
  custom:video-decoder-webm-vp8: 9c59270c3fd7afecdb556c50c9e8de78 -> 
  custom:audio-decoder-ogg-vorbis: bf7c407c2cedff20999df2af8eb42d56 -> 
  custom:audio-encoder-webm-vorbis: bf7c407c2cedff20999df2af8eb42d56 -> 
========================================================================
Received Import Request.
  Time since last request: 262.261885 seconds.
  path: Assets/Scenes/eeg/Blue_R.unity
  artifactKey: Guid(e6e10ed9245fc6348b165eff1ba7fe34) Importer(815301076,1909f56bfc062723c751e8b465ee728b)
Start importing Assets/Scenes/eeg/Blue_R.unity using Guid(e6e10ed9245fc6348b165eff1ba7fe34) Importer(815301076,1909f56bfc062723c751e8b465ee728b)  -> (artifact id: '0d06b1b10c9204ebe42908160c4d878d') in 0.014508 seconds 
========================================================================
Received Import Request.
  Time since last request: 0.000444 seconds.
  path: Assets/Scenes/eeg/Beginning.unity
  artifactKey: Guid(996b7c22c9caa91499d7825de7daae28) Importer(815301076,1909f56bfc062723c751e8b465ee728b)
Start importing Assets/Scenes/eeg/Beginning.unity using Guid(996b7c22c9caa91499d7825de7daae28) Importer(815301076,1909f56bfc062723c751e8b465ee728b)  -> (artifact id: '4723ce27d163c13235e769a08ee3a76a') in 0.006221 seconds 
========================================================================
Received Prepare
Registering precompiled user dll's ...
Registered in 0.471892 seconds.
Begin MonoManager ReloadAssembly
Native extension for WindowsStandalone target not found
Native extension for WebGL target not found
Refreshing native plugins compatible for Editor in 0.48 ms, found 2 plugins.
Preloading 0 native plugins for Editor in 0.00 ms.
Mono: successfully reloaded assembly
- Completed reload, in  4.749 seconds
Domain Reload Profiling:
	ReloadAssembly (4750ms)
		BeginReloadAssembly (2459ms)
			ExecutionOrderSort (0ms)
			DisableScriptedObjects (4ms)
			BackupInstance (0ms)
			ReleaseScriptingObjects (0ms)
			CreateAndSetChildDomain (31ms)
		EndReloadAssembly (2234ms)
			LoadAssemblies (3073ms)
			RebuildTransferFunctionScriptingTraits (0ms)
			SetupTypeCache (609ms)
			ReleaseScriptCaches (1ms)
			RebuildScriptCaches (37ms)
			SetupLoadedEditorAssemblies (788ms)
				LogAssemblyErrors (0ms)
				InitializePlatformSupportModulesInManaged (6ms)
				SetLoadedEditorAssemblies (1ms)
				RefreshPlugins (1ms)
				BeforeProcessingInitializeOnLoad (47ms)
				ProcessInitializeOnLoadAttributes (216ms)
				ProcessInitializeOnLoadMethodAttributes (512ms)
				AfterProcessingInitializeOnLoad (7ms)
				EditorAssembliesLoaded (0ms)
			ExecutionOrderSort2 (0ms)
			AwakeInstancesAfterBackupRestoration (6ms)
Platform modules already initialized, skipping
Refreshing native plugins compatible for Editor in 0.44 ms, found 2 plugins.
Preloading 0 native plugins for Editor in 0.00 ms.
Unloading 1503 Unused Serialized files (Serialized files now loaded: 0)
System memory in use before: 71.7 MB.
System memory in use after: 71.8 MB.

Unloading 11 unused Assets to reduce memory usage. Loaded Objects now: 1981.
Total: 3.234300 ms (FindLiveObjects: 0.211500 ms CreateObjectMapping: 0.075700 ms MarkObjects: 2.919200 ms  DeleteObjects: 0.026400 ms)

AssetImportParameters requested are different than current active one (requested -> active):
  custom:framework-win-MediaFoundation: 216162199b28c13a410421893ffa2e32 -> 
  custom:video-decoder-ogg-theora: a1e56fd34408186e4bbccfd4996cb3dc -> 
  custom:container-muxer-webm: aa71ff27fc2769a1b78a27578f13a17b -> 
  custom:container-demuxer-webm: 4f35f7cbe854078d1ac9338744f61a02 -> 
  custom:container-demuxer-ogg: 62fdf1f143b41e24485cea50d1cbac27 -> 
  custom:video-encoder-webm-vp8: eb34c28f22e8b96e1ab97ce403110664 -> 
  custom:video-decoder-webm-vp8: 9c59270c3fd7afecdb556c50c9e8de78 -> 
  custom:audio-decoder-ogg-vorbis: bf7c407c2cedff20999df2af8eb42d56 -> 
  custom:audio-encoder-webm-vorbis: bf7c407c2cedff20999df2af8eb42d56 -> 
========================================================================
Received Prepare
Registering precompiled user dll's ...
Registered in 0.461897 seconds.
Begin MonoManager ReloadAssembly
Native extension for WindowsStandalone target not found
Native extension for WebGL target not found
Refreshing native plugins compatible for Editor in 0.38 ms, found 2 plugins.
Preloading 0 native plugins for Editor in 0.00 ms.
Mono: successfully reloaded assembly
- Completed reload, in  4.731 seconds
Domain Reload Profiling:
	ReloadAssembly (4732ms)
		BeginReloadAssembly (2439ms)
			ExecutionOrderSort (0ms)
			DisableScriptedObjects (5ms)
			BackupInstance (0ms)
			ReleaseScriptingObjects (0ms)
			CreateAndSetChildDomain (29ms)
		EndReloadAssembly (2237ms)
			LoadAssemblies (3096ms)
			RebuildTransferFunctionScriptingTraits (0ms)
			SetupTypeCache (597ms)
			ReleaseScriptCaches (1ms)
			RebuildScriptCaches (35ms)
			SetupLoadedEditorAssemblies (774ms)
				LogAssemblyErrors (0ms)
				InitializePlatformSupportModulesInManaged (5ms)
				SetLoadedEditorAssemblies (0ms)
				RefreshPlugins (1ms)
				BeforeProcessingInitializeOnLoad (46ms)
				ProcessInitializeOnLoadAttributes (225ms)
				ProcessInitializeOnLoadMethodAttributes (490ms)
				AfterProcessingInitializeOnLoad (6ms)
				EditorAssembliesLoaded (0ms)
			ExecutionOrderSort2 (0ms)
			AwakeInstancesAfterBackupRestoration (6ms)
Platform modules already initialized, skipping
Refreshing native plugins compatible for Editor in 0.44 ms, found 2 plugins.
Preloading 0 native plugins for Editor in 0.00 ms.
Unloading 1503 Unused Serialized files (Serialized files now loaded: 0)
System memory in use before: 71.7 MB.
System memory in use after: 71.8 MB.

Unloading 11 unused Assets to reduce memory usage. Loaded Objects now: 1983.
Total: 3.976100 ms (FindLiveObjects: 0.335000 ms CreateObjectMapping: 0.115700 ms MarkObjects: 3.494800 ms  DeleteObjects: 0.028700 ms)

AssetImportParameters requested are different than current active one (requested -> active):
  custom:framework-win-MediaFoundation: 216162199b28c13a410421893ffa2e32 -> 
  custom:video-decoder-ogg-theora: a1e56fd34408186e4bbccfd4996cb3dc -> 
  custom:container-muxer-webm: aa71ff27fc2769a1b78a27578f13a17b -> 
  custom:container-demuxer-webm: 4f35f7cbe854078d1ac9338744f61a02 -> 
  custom:container-demuxer-ogg: 62fdf1f143b41e24485cea50d1cbac27 -> 
  custom:video-encoder-webm-vp8: eb34c28f22e8b96e1ab97ce403110664 -> 
  custom:video-decoder-webm-vp8: 9c59270c3fd7afecdb556c50c9e8de78 -> 
  custom:audio-decoder-ogg-vorbis: bf7c407c2cedff20999df2af8eb42d56 -> 
  custom:audio-encoder-webm-vorbis: bf7c407c2cedff20999df2af8eb42d56 -> 
========================================================================
Received Prepare
Registering precompiled user dll's ...
Registered in 0.467606 seconds.
Begin MonoManager ReloadAssembly
Native extension for WindowsStandalone target not found
Native extension for WebGL target not found
Refreshing native plugins compatible for Editor in 0.41 ms, found 2 plugins.
Preloading 0 native plugins for Editor in 0.00 ms.
Mono: successfully reloaded assembly
- Completed reload, in  4.668 seconds
Domain Reload Profiling:
	ReloadAssembly (4668ms)
		BeginReloadAssembly (2428ms)
			ExecutionOrderSort (0ms)
			DisableScriptedObjects (4ms)
			BackupInstance (0ms)
			ReleaseScriptingObjects (0ms)
			CreateAndSetChildDomain (32ms)
		EndReloadAssembly (2182ms)
			LoadAssemblies (3017ms)
			RebuildTransferFunctionScriptingTraits (0ms)
			SetupTypeCache (604ms)
			ReleaseScriptCaches (1ms)
			RebuildScriptCaches (37ms)
			SetupLoadedEditorAssemblies (771ms)
				LogAssemblyErrors (0ms)
				InitializePlatformSupportModulesInManaged (5ms)
				SetLoadedEditorAssemblies (1ms)
				RefreshPlugins (1ms)
				BeforeProcessingInitializeOnLoad (48ms)
				ProcessInitializeOnLoadAttributes (215ms)
				ProcessInitializeOnLoadMethodAttributes (495ms)
				AfterProcessingInitializeOnLoad (7ms)
				EditorAssembliesLoaded (0ms)
			ExecutionOrderSort2 (0ms)
			AwakeInstancesAfterBackupRestoration (6ms)
Platform modules already initialized, skipping
Refreshing native plugins compatible for Editor in 0.40 ms, found 2 plugins.
Preloading 0 native plugins for Editor in 0.00 ms.
Unloading 1503 Unused Serialized files (Serialized files now loaded: 0)
System memory in use before: 71.7 MB.
System memory in use after: 71.8 MB.

Unloading 11 unused Assets to reduce memory usage. Loaded Objects now: 1985.
Total: 3.611900 ms (FindLiveObjects: 0.182800 ms CreateObjectMapping: 0.078300 ms MarkObjects: 3.326300 ms  DeleteObjects: 0.022900 ms)

AssetImportParameters requested are different than current active one (requested -> active):
  custom:framework-win-MediaFoundation: 216162199b28c13a410421893ffa2e32 -> 
  custom:video-decoder-ogg-theora: a1e56fd34408186e4bbccfd4996cb3dc -> 
  custom:container-muxer-webm: aa71ff27fc2769a1b78a27578f13a17b -> 
  custom:container-demuxer-webm: 4f35f7cbe854078d1ac9338744f61a02 -> 
  custom:container-demuxer-ogg: 62fdf1f143b41e24485cea50d1cbac27 -> 
  custom:video-encoder-webm-vp8: eb34c28f22e8b96e1ab97ce403110664 -> 
  custom:video-decoder-webm-vp8: 9c59270c3fd7afecdb556c50c9e8de78 -> 
  custom:audio-decoder-ogg-vorbis: bf7c407c2cedff20999df2af8eb42d56 -> 
  custom:audio-encoder-webm-vorbis: bf7c407c2cedff20999df2af8eb42d56 -> 
========================================================================
Received Import Request.
  Time since last request: 332.074131 seconds.
  path: Assets/Scenes/eeg/Neutral_R.unity
  artifactKey: Guid(2a89a77bf25432844896b9b26d959bce) Importer(815301076,1909f56bfc062723c751e8b465ee728b)
Start importing Assets/Scenes/eeg/Neutral_R.unity using Guid(2a89a77bf25432844896b9b26d959bce) Importer(815301076,1909f56bfc062723c751e8b465ee728b)  -> (artifact id: '9c49dee70737e51e06bb1fc28ced3a9f') in 0.018369 seconds 
========================================================================
Received Import Request.
  Time since last request: 34.216148 seconds.
  path: Assets/Scenes/eeg/Pink_R.unity
  artifactKey: Guid(de28ed34c9307e349a8af98745cc9b21) Importer(815301076,1909f56bfc062723c751e8b465ee728b)
Start importing Assets/Scenes/eeg/Pink_R.unity using Guid(de28ed34c9307e349a8af98745cc9b21) Importer(815301076,1909f56bfc062723c751e8b465ee728b)  -> (artifact id: '9c8a97d32644c24e649ba3564f35d0a6') in 0.006080 seconds 
========================================================================
Received Import Request.
  Time since last request: 469.258047 seconds.
  path: Assets/Packages/BigFurniturePack/Prefabs
  artifactKey: Guid(0ca55815669e4364695ce5d716f50051) Importer(815301076,1909f56bfc062723c751e8b465ee728b)
Start importing Assets/Packages/BigFurniturePack/Prefabs using Guid(0ca55815669e4364695ce5d716f50051) Importer(815301076,1909f56bfc062723c751e8b465ee728b)  -> (artifact id: '1ecfe0cdf3c957a1699877649b3708eb') in 0.016135 seconds 
========================================================================
Received Import Request.
  Time since last request: 531.294734 seconds.
  path: Assets/Scenes/eeg/Pink_R.unity
  artifactKey: Guid(de28ed34c9307e349a8af98745cc9b21) Importer(815301076,1909f56bfc062723c751e8b465ee728b)
Start importing Assets/Scenes/eeg/Pink_R.unity using Guid(de28ed34c9307e349a8af98745cc9b21) Importer(815301076,1909f56bfc062723c751e8b465ee728b)  -> (artifact id: '8a127f0485114989fcb7f21bbf8fa90f') in 0.007082 seconds 
========================================================================
Received Import Request.
  Time since last request: 419.160847 seconds.
  path: Assets/Scenes/eeg/Blue_R.unity
  artifactKey: Guid(e6e10ed9245fc6348b165eff1ba7fe34) Importer(815301076,1909f56bfc062723c751e8b465ee728b)
Start importing Assets/Scenes/eeg/Blue_R.unity using Guid(e6e10ed9245fc6348b165eff1ba7fe34) Importer(815301076,1909f56bfc062723c751e8b465ee728b)  -> (artifact id: 'dc5d7cb77fddc48d2894281d2ef79f14') in 0.006456 seconds 
========================================================================
Received Import Request.
  Time since last request: 4.206159 seconds.
  path: Assets/Scenes/eeg/Pink_R.unity
  artifactKey: Guid(de28ed34c9307e349a8af98745cc9b21) Importer(815301076,1909f56bfc062723c751e8b465ee728b)
Start importing Assets/Scenes/eeg/Pink_R.unity using Guid(de28ed34c9307e349a8af98745cc9b21) Importer(815301076,1909f56bfc062723c751e8b465ee728b)  -> (artifact id: '78512bdbcae7a984b8772d566f05aa90') in 0.008202 seconds 
========================================================================
Received Import Request.
  Time since last request: 15.592817 seconds.
  path: Assets/Scenes/eeg/Pink_R.unity
  artifactKey: Guid(de28ed34c9307e349a8af98745cc9b21) Importer(815301076,1909f56bfc062723c751e8b465ee728b)
Start importing Assets/Scenes/eeg/Pink_R.unity using Guid(de28ed34c9307e349a8af98745cc9b21) Importer(815301076,1909f56bfc062723c751e8b465ee728b)  -> (artifact id: '9a90e4967e127c64ec32f919cb6106e1') in 0.005953 seconds 
========================================================================
Received Import Request.
  Time since last request: 32.357822 seconds.
  path: Assets/Scenes/eeg/Neutral_R.unity
  artifactKey: Guid(2a89a77bf25432844896b9b26d959bce) Importer(815301076,1909f56bfc062723c751e8b465ee728b)
Start importing Assets/Scenes/eeg/Neutral_R.unity using Guid(2a89a77bf25432844896b9b26d959bce) Importer(815301076,1909f56bfc062723c751e8b465ee728b)  -> (artifact id: '7c326e266ba4e1b3c6eb8bb814e1cc5a') in 0.006558 seconds 
========================================================================
Received Import Request.
  Time since last request: 1247.788146 seconds.
  path: Assets/Sprites
  artifactKey: Guid(9243f6428f50dd14eb35772a9c1c75f6) Importer(815301076,1909f56bfc062723c751e8b465ee728b)
Start importing Assets/Sprites using Guid(9243f6428f50dd14eb35772a9c1c75f6) Importer(815301076,1909f56bfc062723c751e8b465ee728b)  -> (artifact id: 'b23735872030568eb3d0ee60ca0671ba') in 0.006187 seconds 
========================================================================
Received Import Request.
  Time since last request: 6.131034 seconds.
  path: Assets/Sprites/bed.png
  artifactKey: Guid(3168671f40cff51439ab6fb118236b0f) Importer(815301076,1909f56bfc062723c751e8b465ee728b)
Start importing Assets/Sprites/bed.png using Guid(3168671f40cff51439ab6fb118236b0f) Importer(815301076,1909f56bfc062723c751e8b465ee728b)  -> (artifact id: '17e2cab84ac7a1eaebcae473eec6bf5f') in 0.069843 seconds 
========================================================================
Received Import Request.
  Time since last request: 69.837532 seconds.
  path: Assets/Sprites/plant - Kopie2.png
  artifactKey: Guid(a24fdb08562ea3b4886c2bf841537ef6) Importer(815301076,1909f56bfc062723c751e8b465ee728b)
Start importing Assets/Sprites/plant - Kopie2.png using Guid(a24fdb08562ea3b4886c2bf841537ef6) Importer(815301076,1909f56bfc062723c751e8b465ee728b)  -> (artifact id: 'dab204128b7a7347e64bcf3e542015be') in 0.028516 seconds 
========================================================================
Received Import Request.
  Time since last request: 8.279210 seconds.
  path: Assets/Sprites/plant - Kopie2.png
  artifactKey: Guid(a24fdb08562ea3b4886c2bf841537ef6) Importer(815301076,1909f56bfc062723c751e8b465ee728b)
Start importing Assets/Sprites/plant - Kopie2.png using Guid(a24fdb08562ea3b4886c2bf841537ef6) Importer(815301076,1909f56bfc062723c751e8b465ee728b)  -> (artifact id: '485fe67351ad06648060569ca38d8363') in 0.088433 seconds 
========================================================================
Received Import Request.
  Time since last request: 252.391205 seconds.
  path: Assets/Sprites/table_chair_g.png
  artifactKey: Guid(f09c11815f010b64b99703ab55abb875) Importer(815301076,1909f56bfc062723c751e8b465ee728b)
Start importing Assets/Sprites/table_chair_g.png using Guid(f09c11815f010b64b99703ab55abb875) Importer(815301076,1909f56bfc062723c751e8b465ee728b)  -> (artifact id: '7214354b594e4f45c3ef5d8a82208284') in 0.028619 seconds 
========================================================================
Received Import Request.
  Time since last request: 1.904705 seconds.
  path: Assets/Sprites/bed_g.png
  artifactKey: Guid(8384a9a1c0eb49f4ea129da4d8553606) Importer(815301076,1909f56bfc062723c751e8b465ee728b)
Start importing Assets/Sprites/bed_g.png using Guid(8384a9a1c0eb49f4ea129da4d8553606) Importer(815301076,1909f56bfc062723c751e8b465ee728b)  -> (artifact id: '9ce9864ed2ca402f415031b4e905e1fc') in 0.027307 seconds 
========================================================================
Received Import Request.
  Time since last request: 1.612661 seconds.
  path: Assets/Sprites/plant - Kopie2_g.png
  artifactKey: Guid(0dc5e1cebc97a284689f39510159a38a) Importer(815301076,1909f56bfc062723c751e8b465ee728b)
Start importing Assets/Sprites/plant - Kopie2_g.png using Guid(0dc5e1cebc97a284689f39510159a38a) Importer(815301076,1909f56bfc062723c751e8b465ee728b)  -> (artifact id: '25b0b7a6a99b8183b0d818ff25b518da') in 0.026344 seconds 
========================================================================
Received Import Request.
  Time since last request: 25.615860 seconds.
  path: Assets/Sprites/bed_g.png
  artifactKey: Guid(8384a9a1c0eb49f4ea129da4d8553606) Importer(815301076,1909f56bfc062723c751e8b465ee728b)
Start importing Assets/Sprites/bed_g.png using Guid(8384a9a1c0eb49f4ea129da4d8553606) Importer(815301076,1909f56bfc062723c751e8b465ee728b)  -> (artifact id: '964ac91fccc334f1a7e561c43f1c1219') in 0.036502 seconds 
========================================================================
Received Import Request.
  Time since last request: 7.856064 seconds.
  path: Assets/Sprites/plant - Kopie2_g.png
  artifactKey: Guid(0dc5e1cebc97a284689f39510159a38a) Importer(815301076,1909f56bfc062723c751e8b465ee728b)
Start importing Assets/Sprites/plant - Kopie2_g.png using Guid(0dc5e1cebc97a284689f39510159a38a) Importer(815301076,1909f56bfc062723c751e8b465ee728b)  -> (artifact id: 'a0097d4d964db034726d1be9846ecb38') in 0.025109 seconds 
========================================================================
Received Import Request.
  Time since last request: 5.155713 seconds.
  path: Assets/Sprites/table_chair_g.png
  artifactKey: Guid(f09c11815f010b64b99703ab55abb875) Importer(815301076,1909f56bfc062723c751e8b465ee728b)
Start importing Assets/Sprites/table_chair_g.png using Guid(f09c11815f010b64b99703ab55abb875) Importer(815301076,1909f56bfc062723c751e8b465ee728b)  -> (artifact id: 'c9808d150ab8018d314400e4b1ff517b') in 0.037133 seconds 
========================================================================
Received Import Request.
  Time since last request: 323.423945 seconds.
  path: Assets/Sprites/bed_closet_g.png
  artifactKey: Guid(d7be6a10062585340b500b78d85cde6e) Importer(815301076,1909f56bfc062723c751e8b465ee728b)
Start importing Assets/Sprites/bed_closet_g.png using Guid(d7be6a10062585340b500b78d85cde6e) Importer(815301076,1909f56bfc062723c751e8b465ee728b)  -> (artifact id: '14a9f25ecb3b7d2038f60545fae7ba1b') in 0.024594 seconds 
========================================================================
Received Import Request.
  Time since last request: 5.697214 seconds.
  path: Assets/Sprites/bed_closet_g.png
  artifactKey: Guid(d7be6a10062585340b500b78d85cde6e) Importer(815301076,1909f56bfc062723c751e8b465ee728b)
Start importing Assets/Sprites/bed_closet_g.png using Guid(d7be6a10062585340b500b78d85cde6e) Importer(815301076,1909f56bfc062723c751e8b465ee728b)  -> (artifact id: '749c254f1d5a8b117e9cac71bf990717') in 0.041297 seconds 
========================================================================
Received Import Request.
  Time since last request: 68.447282 seconds.
  path: Assets/Sprites/sofa_cTable_g.png
  artifactKey: Guid(849524863dcc66644bd8967c6b3253f2) Importer(815301076,1909f56bfc062723c751e8b465ee728b)
Start importing Assets/Sprites/sofa_cTable_g.png using Guid(849524863dcc66644bd8967c6b3253f2) Importer(815301076,1909f56bfc062723c751e8b465ee728b)  -> (artifact id: '30059dba819de7ca763a79c81df059b7') in 0.021492 seconds 
========================================================================
Received Import Request.
  Time since last request: 5.612990 seconds.
  path: Assets/Sprites/sofa_cTable_g.png
  artifactKey: Guid(849524863dcc66644bd8967c6b3253f2) Importer(815301076,1909f56bfc062723c751e8b465ee728b)
Start importing Assets/Sprites/sofa_cTable_g.png using Guid(849524863dcc66644bd8967c6b3253f2) Importer(815301076,1909f56bfc062723c751e8b465ee728b)  -> (artifact id: '7335add5bc000c84b3e4cd5c6ba934f5') in 0.023341 seconds 
========================================================================
Received Import Request.
  Time since last request: 48.894085 seconds.
  path: Assets/Sprites/plant - Kopie_g.png
  artifactKey: Guid(a80dce3a10c51b14e86e8513d38ef747) Importer(815301076,1909f56bfc062723c751e8b465ee728b)
Start importing Assets/Sprites/plant - Kopie_g.png using Guid(a80dce3a10c51b14e86e8513d38ef747) Importer(815301076,1909f56bfc062723c751e8b465ee728b)  -> (artifact id: 'aeb94199a16f7f986b17c1f8382f0ebe') in 0.023790 seconds 
========================================================================
Received Import Request.
  Time since last request: 5.525544 seconds.
  path: Assets/Sprites/plant - Kopie_g.png
  artifactKey: Guid(a80dce3a10c51b14e86e8513d38ef747) Importer(815301076,1909f56bfc062723c751e8b465ee728b)
Start importing Assets/Sprites/plant - Kopie_g.png using Guid(a80dce3a10c51b14e86e8513d38ef747) Importer(815301076,1909f56bfc062723c751e8b465ee728b)  -> (artifact id: '390ea8932c7c1b6bcf9df03969d52fb1') in 0.033043 seconds 
========================================================================
Received Import Request.
  Time since last request: 403.318148 seconds.
  path: Assets/Scenes/eeg/Pink_R.unity
  artifactKey: Guid(de28ed34c9307e349a8af98745cc9b21) Importer(815301076,1909f56bfc062723c751e8b465ee728b)
Start importing Assets/Scenes/eeg/Pink_R.unity using Guid(de28ed34c9307e349a8af98745cc9b21) Importer(815301076,1909f56bfc062723c751e8b465ee728b)  -> (artifact id: '4271034c24feee6d50fc12cb0bb23463') in 0.007015 seconds 
========================================================================
Received Prepare
Registering precompiled user dll's ...
Registered in 0.469071 seconds.
Begin MonoManager ReloadAssembly
Native extension for WindowsStandalone target not found
Native extension for WebGL target not found
Refreshing native plugins compatible for Editor in 0.46 ms, found 2 plugins.
Preloading 0 native plugins for Editor in 0.00 ms.
Mono: successfully reloaded assembly
- Completed reload, in  4.855 seconds
Domain Reload Profiling:
	ReloadAssembly (4856ms)
		BeginReloadAssembly (2541ms)
			ExecutionOrderSort (0ms)
			DisableScriptedObjects (10ms)
			BackupInstance (0ms)
			ReleaseScriptingObjects (0ms)
			CreateAndSetChildDomain (78ms)
		EndReloadAssembly (2251ms)
			LoadAssemblies (3111ms)
			RebuildTransferFunctionScriptingTraits (0ms)
			SetupTypeCache (605ms)
			ReleaseScriptCaches (1ms)
			RebuildScriptCaches (34ms)
			SetupLoadedEditorAssemblies (789ms)
				LogAssemblyErrors (0ms)
				InitializePlatformSupportModulesInManaged (5ms)
				SetLoadedEditorAssemblies (1ms)
				RefreshPlugins (1ms)
				BeforeProcessingInitializeOnLoad (46ms)
				ProcessInitializeOnLoadAttributes (217ms)
				ProcessInitializeOnLoadMethodAttributes (513ms)
				AfterProcessingInitializeOnLoad (7ms)
				EditorAssembliesLoaded (0ms)
			ExecutionOrderSort2 (0ms)
			AwakeInstancesAfterBackupRestoration (7ms)
Platform modules already initialized, skipping
Refreshing native plugins compatible for Editor in 0.42 ms, found 2 plugins.
Preloading 0 native plugins for Editor in 0.00 ms.
Unloading 1503 Unused Serialized files (Serialized files now loaded: 0)
System memory in use before: 74.9 MB.
System memory in use after: 75.0 MB.

Unloading 11 unused Assets to reduce memory usage. Loaded Objects now: 2005.
Total: 3.284300 ms (FindLiveObjects: 0.167100 ms CreateObjectMapping: 0.040800 ms MarkObjects: 3.009600 ms  DeleteObjects: 0.065600 ms)

AssetImportParameters requested are different than current active one (requested -> active):
  custom:framework-win-MediaFoundation: 216162199b28c13a410421893ffa2e32 -> 
  custom:video-decoder-ogg-theora: a1e56fd34408186e4bbccfd4996cb3dc -> 
  custom:container-muxer-webm: aa71ff27fc2769a1b78a27578f13a17b -> 
  custom:container-demuxer-webm: 4f35f7cbe854078d1ac9338744f61a02 -> 
  custom:container-demuxer-ogg: 62fdf1f143b41e24485cea50d1cbac27 -> 
  custom:video-encoder-webm-vp8: eb34c28f22e8b96e1ab97ce403110664 -> 
  custom:video-decoder-webm-vp8: 9c59270c3fd7afecdb556c50c9e8de78 -> 
  custom:audio-decoder-ogg-vorbis: bf7c407c2cedff20999df2af8eb42d56 -> 
  custom:audio-encoder-webm-vorbis: bf7c407c2cedff20999df2af8eb42d56 -> 
========================================================================
Received Import Request.
  Time since last request: 27.454038 seconds.
  path: Assets/Prefabs/Questionnaire.prefab
  artifactKey: Guid(67ae4c42b7cb09e4385e321dd5fa4607) Importer(815301076,1909f56bfc062723c751e8b465ee728b)
Start importing Assets/Prefabs/Questionnaire.prefab using Guid(67ae4c42b7cb09e4385e321dd5fa4607) Importer(815301076,1909f56bfc062723c751e8b465ee728b)  -> (artifact id: 'fa9dd5951d8d5bc0d67cd57a514614ee') in 0.109897 seconds 
========================================================================
Received Import Request.
  Time since last request: 2.740303 seconds.
  path: Assets/Scenes/eeg/Neutral_R.unity
  artifactKey: Guid(2a89a77bf25432844896b9b26d959bce) Importer(815301076,1909f56bfc062723c751e8b465ee728b)
Start importing Assets/Scenes/eeg/Neutral_R.unity using Guid(2a89a77bf25432844896b9b26d959bce) Importer(815301076,1909f56bfc062723c751e8b465ee728b)  -> (artifact id: '6915d81b74b970b91c123e575c1d3214') in 0.006624 seconds 
========================================================================
Received Import Request.
  Time since last request: 100.489004 seconds.
  path: Assets/Scenes/eeg/Blue_R.unity
  artifactKey: Guid(e6e10ed9245fc6348b165eff1ba7fe34) Importer(815301076,1909f56bfc062723c751e8b465ee728b)
Start importing Assets/Scenes/eeg/Blue_R.unity using Guid(e6e10ed9245fc6348b165eff1ba7fe34) Importer(815301076,1909f56bfc062723c751e8b465ee728b)  -> (artifact id: '90273fd547a83a31826b14fe69f8f405') in 0.006432 seconds 
========================================================================
Received Import Request.
  Time since last request: 16.651345 seconds.
  path: Assets/Scenes/eeg/Neutral_R.unity
  artifactKey: Guid(2a89a77bf25432844896b9b26d959bce) Importer(815301076,1909f56bfc062723c751e8b465ee728b)
Start importing Assets/Scenes/eeg/Neutral_R.unity using Guid(2a89a77bf25432844896b9b26d959bce) Importer(815301076,1909f56bfc062723c751e8b465ee728b)  -> (artifact id: '1dbfc79712937e230ac3e9b97b8030ca') in 0.005917 seconds 
========================================================================
Received Prepare
Registering precompiled user dll's ...
Registered in 0.474440 seconds.
Begin MonoManager ReloadAssembly
Native extension for WindowsStandalone target not found
Native extension for WebGL target not found
Refreshing native plugins compatible for Editor in 0.75 ms, found 2 plugins.
Preloading 0 native plugins for Editor in 0.00 ms.
Mono: successfully reloaded assembly
- Completed reload, in  4.745 seconds
Domain Reload Profiling:
	ReloadAssembly (4746ms)
		BeginReloadAssembly (2454ms)
			ExecutionOrderSort (0ms)
			DisableScriptedObjects (4ms)
			BackupInstance (0ms)
			ReleaseScriptingObjects (0ms)
			CreateAndSetChildDomain (32ms)
		EndReloadAssembly (2232ms)
			LoadAssemblies (3067ms)
			RebuildTransferFunctionScriptingTraits (0ms)
			SetupTypeCache (600ms)
			ReleaseScriptCaches (1ms)
			RebuildScriptCaches (36ms)
			SetupLoadedEditorAssemblies (787ms)
				LogAssemblyErrors (0ms)
				InitializePlatformSupportModulesInManaged (6ms)
				SetLoadedEditorAssemblies (0ms)
				RefreshPlugins (1ms)
				BeforeProcessingInitializeOnLoad (45ms)
				ProcessInitializeOnLoadAttributes (216ms)
				ProcessInitializeOnLoadMethodAttributes (513ms)
				AfterProcessingInitializeOnLoad (7ms)
				EditorAssembliesLoaded (0ms)
			ExecutionOrderSort2 (0ms)
			AwakeInstancesAfterBackupRestoration (6ms)
Platform modules already initialized, skipping
Refreshing native plugins compatible for Editor in 0.40 ms, found 2 plugins.
Preloading 0 native plugins for Editor in 0.00 ms.
Unloading 1503 Unused Serialized files (Serialized files now loaded: 0)
System memory in use before: 74.9 MB.
System memory in use after: 75.0 MB.

Unloading 13 unused Assets to reduce memory usage. Loaded Objects now: 2007.
Total: 3.777400 ms (FindLiveObjects: 0.207600 ms CreateObjectMapping: 0.077000 ms MarkObjects: 3.455500 ms  DeleteObjects: 0.035800 ms)

AssetImportParameters requested are different than current active one (requested -> active):
  custom:framework-win-MediaFoundation: 216162199b28c13a410421893ffa2e32 -> 
  custom:video-decoder-ogg-theora: a1e56fd34408186e4bbccfd4996cb3dc -> 
  custom:container-muxer-webm: aa71ff27fc2769a1b78a27578f13a17b -> 
  custom:container-demuxer-webm: 4f35f7cbe854078d1ac9338744f61a02 -> 
  custom:container-demuxer-ogg: 62fdf1f143b41e24485cea50d1cbac27 -> 
  custom:video-encoder-webm-vp8: eb34c28f22e8b96e1ab97ce403110664 -> 
  custom:video-decoder-webm-vp8: 9c59270c3fd7afecdb556c50c9e8de78 -> 
  custom:audio-decoder-ogg-vorbis: bf7c407c2cedff20999df2af8eb42d56 -> 
  custom:audio-encoder-webm-vorbis: bf7c407c2cedff20999df2af8eb42d56 -> 
========================================================================
Received Import Request.
  Time since last request: 17.704751 seconds.
  path: Assets/Scenes/eeg/Pink_R.unity
  artifactKey: Guid(de28ed34c9307e349a8af98745cc9b21) Importer(815301076,1909f56bfc062723c751e8b465ee728b)
Start importing Assets/Scenes/eeg/Pink_R.unity using Guid(de28ed34c9307e349a8af98745cc9b21) Importer(815301076,1909f56bfc062723c751e8b465ee728b)  -> (artifact id: 'f0d83bf92032e6fd313a44ccdbdbb7e5') in 0.017806 seconds 
========================================================================
Received Import Request.
  Time since last request: 0.353563 seconds.
  path: Assets/Scenes/eeg/Neutral_R.unity
  artifactKey: Guid(2a89a77bf25432844896b9b26d959bce) Importer(815301076,1909f56bfc062723c751e8b465ee728b)
Start importing Assets/Scenes/eeg/Neutral_R.unity using Guid(2a89a77bf25432844896b9b26d959bce) Importer(815301076,1909f56bfc062723c751e8b465ee728b)  -> (artifact id: '3a5450b22389566bf695a79e52d6ebfd') in 0.006736 seconds 
========================================================================
Received Prepare
Registering precompiled user dll's ...
Registered in 0.487652 seconds.
Begin MonoManager ReloadAssembly
Native extension for WindowsStandalone target not found
Native extension for WebGL target not found
Refreshing native plugins compatible for Editor in 0.41 ms, found 2 plugins.
Preloading 0 native plugins for Editor in 0.00 ms.
Mono: successfully reloaded assembly
- Completed reload, in  4.765 seconds
Domain Reload Profiling:
	ReloadAssembly (4765ms)
		BeginReloadAssembly (2414ms)
			ExecutionOrderSort (0ms)
			DisableScriptedObjects (4ms)
			BackupInstance (0ms)
			ReleaseScriptingObjects (0ms)
			CreateAndSetChildDomain (32ms)
		EndReloadAssembly (2295ms)
			LoadAssemblies (3031ms)
			RebuildTransferFunctionScriptingTraits (0ms)
			SetupTypeCache (626ms)
			ReleaseScriptCaches (1ms)
			RebuildScriptCaches (40ms)
			SetupLoadedEditorAssemblies (820ms)
				LogAssemblyErrors (0ms)
				InitializePlatformSupportModulesInManaged (5ms)
				SetLoadedEditorAssemblies (0ms)
				RefreshPlugins (1ms)
				BeforeProcessingInitializeOnLoad (45ms)
				ProcessInitializeOnLoadAttributes (215ms)
				ProcessInitializeOnLoadMethodAttributes (546ms)
				AfterProcessingInitializeOnLoad (8ms)
				EditorAssembliesLoaded (0ms)
			ExecutionOrderSort2 (0ms)
			AwakeInstancesAfterBackupRestoration (8ms)
Platform modules already initialized, skipping
Refreshing native plugins compatible for Editor in 0.66 ms, found 2 plugins.
Preloading 0 native plugins for Editor in 0.00 ms.
Unloading 1503 Unused Serialized files (Serialized files now loaded: 0)
System memory in use before: 74.9 MB.
System memory in use after: 75.0 MB.

Unloading 11 unused Assets to reduce memory usage. Loaded Objects now: 2009.
Total: 3.798800 ms (FindLiveObjects: 0.228800 ms CreateObjectMapping: 0.048400 ms MarkObjects: 3.486000 ms  DeleteObjects: 0.033600 ms)

AssetImportParameters requested are different than current active one (requested -> active):
  custom:framework-win-MediaFoundation: 216162199b28c13a410421893ffa2e32 -> 
  custom:video-decoder-ogg-theora: a1e56fd34408186e4bbccfd4996cb3dc -> 
  custom:container-muxer-webm: aa71ff27fc2769a1b78a27578f13a17b -> 
  custom:container-demuxer-webm: 4f35f7cbe854078d1ac9338744f61a02 -> 
  custom:container-demuxer-ogg: 62fdf1f143b41e24485cea50d1cbac27 -> 
  custom:video-encoder-webm-vp8: eb34c28f22e8b96e1ab97ce403110664 -> 
  custom:video-decoder-webm-vp8: 9c59270c3fd7afecdb556c50c9e8de78 -> 
  custom:audio-decoder-ogg-vorbis: bf7c407c2cedff20999df2af8eb42d56 -> 
  custom:audio-encoder-webm-vorbis: bf7c407c2cedff20999df2af8eb42d56 -> 
========================================================================
Received Prepare
Registering precompiled user dll's ...
Registered in 0.480305 seconds.
Begin MonoManager ReloadAssembly
Native extension for WindowsStandalone target not found
Native extension for WebGL target not found
Refreshing native plugins compatible for Editor in 0.39 ms, found 2 plugins.
Preloading 0 native plugins for Editor in 0.00 ms.
Mono: successfully reloaded assembly
- Completed reload, in  4.700 seconds
Domain Reload Profiling:
	ReloadAssembly (4700ms)
		BeginReloadAssembly (2428ms)
			ExecutionOrderSort (0ms)
			DisableScriptedObjects (4ms)
			BackupInstance (0ms)
			ReleaseScriptingObjects (0ms)
			CreateAndSetChildDomain (30ms)
		EndReloadAssembly (2215ms)
			LoadAssemblies (3090ms)
			RebuildTransferFunctionScriptingTraits (0ms)
			SetupTypeCache (588ms)
			ReleaseScriptCaches (1ms)
			RebuildScriptCaches (34ms)
			SetupLoadedEditorAssemblies (756ms)
				LogAssemblyErrors (0ms)
				InitializePlatformSupportModulesInManaged (5ms)
				SetLoadedEditorAssemblies (0ms)
				RefreshPlugins (1ms)
				BeforeProcessingInitializeOnLoad (45ms)
				ProcessInitializeOnLoadAttributes (199ms)
				ProcessInitializeOnLoadMethodAttributes (499ms)
				AfterProcessingInitializeOnLoad (6ms)
				EditorAssembliesLoaded (0ms)
			ExecutionOrderSort2 (0ms)
			AwakeInstancesAfterBackupRestoration (5ms)
Platform modules already initialized, skipping
Refreshing native plugins compatible for Editor in 0.45 ms, found 2 plugins.
Preloading 0 native plugins for Editor in 0.00 ms.
Unloading 1503 Unused Serialized files (Serialized files now loaded: 0)
System memory in use before: 74.9 MB.
System memory in use after: 75.0 MB.

Unloading 11 unused Assets to reduce memory usage. Loaded Objects now: 2011.
Total: 3.609200 ms (FindLiveObjects: 0.184200 ms CreateObjectMapping: 0.060700 ms MarkObjects: 3.334300 ms  DeleteObjects: 0.028500 ms)

AssetImportParameters requested are different than current active one (requested -> active):
  custom:framework-win-MediaFoundation: 216162199b28c13a410421893ffa2e32 -> 
  custom:video-decoder-ogg-theora: a1e56fd34408186e4bbccfd4996cb3dc -> 
  custom:container-muxer-webm: aa71ff27fc2769a1b78a27578f13a17b -> 
  custom:container-demuxer-webm: 4f35f7cbe854078d1ac9338744f61a02 -> 
  custom:container-demuxer-ogg: 62fdf1f143b41e24485cea50d1cbac27 -> 
  custom:video-encoder-webm-vp8: eb34c28f22e8b96e1ab97ce403110664 -> 
  custom:video-decoder-webm-vp8: 9c59270c3fd7afecdb556c50c9e8de78 -> 
  custom:audio-decoder-ogg-vorbis: bf7c407c2cedff20999df2af8eb42d56 -> 
  custom:audio-encoder-webm-vorbis: bf7c407c2cedff20999df2af8eb42d56 -> 
